   Compiling proc-macro2 v1.0.103
   Compiling unicode-ident v1.0.22
   Compiling quote v1.0.42
   Compiling libc v0.2.178
   Compiling serde_core v1.0.228
   Compiling cfg-if v1.0.4
   Compiling zerocopy v0.8.31
   Compiling find-msvc-tools v0.1.5
   Compiling shlex v1.3.0
   Compiling icu_normalizer_data v2.1.1
   Compiling icu_properties_data v2.1.2
   Compiling parking_lot_core v0.9.12
   Compiling serde v1.0.228
   Compiling getrandom v0.3.4
   Compiling stable_deref_trait v1.2.1
   Compiling siphasher v1.0.1
   Compiling memchr v2.7.6
   Compiling phf_shared v0.11.3
   Compiling smallvec v1.15.1
   Compiling cc v1.2.49
   Compiling itoa v1.0.15
   Compiling siphasher v0.3.11
   Compiling getrandom v0.1.16
   Compiling objc2 v0.6.3
   Compiling fnv v1.0.7
   Compiling typeid v1.0.3
    Checking objc2-encode v4.1.0
   Compiling ident_case v1.0.1
   Compiling syn v1.0.109
   Compiling objc2-exception-helper v0.1.1
   Compiling writeable v0.6.2
   Compiling strsim v0.11.1
   Compiling litemap v0.8.1
   Compiling serde_json v1.0.145
   Compiling thiserror v2.0.17
   Compiling syn v2.0.111
   Compiling thiserror v1.0.69
   Compiling erased-serde v0.4.9
   Compiling autocfg v1.5.0
   Compiling getrandom v0.2.16
   Compiling rand_core v0.6.4
   Compiling ryu v1.0.20
   Compiling phf_shared v0.8.0
   Compiling proc-macro-hack v0.5.20+deprecated
   Compiling rand_core v0.5.1
   Compiling synstructure v0.13.2
   Compiling darling_core v0.21.3
   Compiling ppv-lite86 v0.2.21
   Compiling rand_pcg v0.2.1
   Compiling rand_chacha v0.3.1
   Compiling rand_chacha v0.2.2
   Compiling rand v0.8.5
   Compiling rand v0.7.3
   Compiling phf_shared v0.10.0
    Checking bitflags v2.10.0
    Checking bytes v1.11.0
   Compiling byteorder v1.5.0
   Compiling scopeguard v1.2.0
   Compiling anyhow v1.0.100
   Compiling phf_generator v0.11.3
   Compiling new_debug_unreachable v1.0.6
    Checking core-foundation-sys v0.8.7
   Compiling string_cache_codegen v0.5.4
   Compiling phf_codegen v0.11.3
   Compiling phf_generator v0.8.0
   Compiling phf_generator v0.10.0
   Compiling lock_api v0.4.14
   Compiling winnow v0.7.14
   Compiling precomputed-hash v0.1.1
   Compiling zerofrom-derive v0.1.6
   Compiling serde_derive v1.0.228
   Compiling yoke-derive v0.8.1
   Compiling zerovec-derive v0.11.2
   Compiling displaydoc v0.2.5
   Compiling thiserror-impl v2.0.17
   Compiling phf_macros v0.11.3
   Compiling darling_macro v0.21.3
   Compiling thiserror-impl v1.0.69
   Compiling zerofrom v0.1.6
   Compiling darling v0.21.3
   Compiling mac v0.1.1
   Compiling futf v0.1.5
   Compiling toml_parser v1.0.6+spec-1.1.0
   Compiling markup5ever v0.14.1
   Compiling parking_lot v0.12.5
   Compiling phf_codegen v0.8.0
   Compiling semver v1.0.27
   Compiling toml_datetime v0.7.5+spec-1.1.0
   Compiling serde_spanned v1.0.4
   Compiling toml_writer v1.0.6+spec-1.1.0
   Compiling version_check v0.9.5
   Compiling time-core v0.1.6
    Checking pin-project-lite v0.2.16
   Compiling dtoa v1.0.10
   Compiling utf8_iter v1.0.4
   Compiling log v0.4.29
   Compiling num-conv v0.1.0
   Compiling bitflags v1.3.2
   Compiling utf-8 v0.7.6
   Compiling percent-encoding v2.3.2
   Compiling dtoa-short v0.3.5
   Compiling toml v0.9.10+spec-1.1.0
   Compiling tendril v0.4.3
   Compiling uuid v1.19.0
   Compiling form_urlencoded v1.2.2
   Compiling selectors v0.24.0
   Compiling phf v0.11.3
   Compiling ctor v0.2.9
   Compiling cssparser-macros v0.6.1
   Compiling indexmap v1.9.3
   Compiling aho-corasick v1.1.4
   Compiling hashbrown v0.16.1
   Compiling regex-syntax v0.8.8
   Compiling nodrop v0.1.14
   Compiling alloc-no-stdlib v2.0.4
   Compiling equivalent v1.0.2
   Compiling unic-char-range v0.9.0
   Compiling camino v1.2.2
   Compiling matches v0.1.10
   Compiling unic-common v0.9.0
   Compiling convert_case v0.4.0
   Compiling unic-ucd-version v0.9.0
   Compiling unic-char-property v0.9.0
   Compiling indexmap v2.12.1
   Compiling yoke v0.8.1
   Compiling derive_more v0.99.20
    Checking objc2-core-foundation v0.3.2
   Compiling serde_with_macros v3.16.1
    Checking block2 v0.6.2
   Compiling alloc-stdlib v0.2.2
   Compiling servo_arc v0.2.0
   Compiling regex-automata v0.4.13
   Compiling cssparser v0.29.6
   Compiling phf_macros v0.10.0
   Compiling match_token v0.1.0
   Compiling fxhash v0.2.1
   Compiling serde_derive_internals v0.29.1
   Compiling phf v0.8.0
   Compiling hashbrown v0.12.3
   Compiling schemars v0.8.22
    Checking once_cell v1.21.3
    Checking objc2-foundation v0.3.2
   Compiling string_cache v0.8.9
   Compiling swift-rs v1.0.7
   Compiling jsonptr v0.6.3
   Compiling schemars_derive v0.8.22
   Compiling cargo-platform v0.1.9
    Checking zerovec v0.11.5
   Compiling zerotrie v0.2.3
   Compiling html5ever v0.29.1
   Compiling regex v1.12.2
   Compiling brotli-decompressor v5.0.0
   Compiling unic-ucd-ident v0.9.0
   Compiling cfb v0.7.3
    Checking http v1.4.0
   Compiling same-file v1.0.6
    Checking futures-core v0.3.31
   Compiling phf v0.10.1
   Compiling dunce v1.0.5
   Compiling base64 v0.21.7
   Compiling dyn-clone v1.0.20
   Compiling crc32fast v1.5.0
   Compiling walkdir v2.5.0
   Compiling infer v0.19.0
   Compiling brotli v8.0.2
   Compiling serde-untagged v0.1.9
   Compiling serde_with v3.16.1
    Checking tinystr v0.8.2
   Compiling potential_utf v0.1.4
    Checking icu_locale_core v2.1.1
   Compiling icu_collections v2.1.1
   Compiling glob v0.3.3
    Checking icu_provider v2.1.1
   Compiling tokio-macros v2.6.0
    Checking signal-hook-registry v1.4.7
    Checking icu_properties v2.1.2
    Checking icu_normalizer v2.1.1
    Checking socket2 v0.6.1
    Checking mio v1.1.1
    Checking futures-sink v0.3.31
   Compiling json-patch v3.0.1
   Compiling powerfmt v0.2.0
   Compiling typenum v1.19.0
    Checking tokio v1.48.0
   Compiling deranged v0.5.5
   Compiling cargo_metadata v0.19.2
    Checking idna_adapter v1.2.1
    Checking objc2-core-video v0.3.2
    Checking idna v1.1.0
    Checking objc2-core-graphics v0.3.2
    Checking objc2-core-text v0.3.2
   Compiling generic-array v0.14.7
   Compiling rustc_version v0.4.1
    Checking slab v0.4.11
   Compiling option-ext v0.2.0
   Compiling crossbeam-utils v0.8.21
   Compiling url v2.5.7
   Compiling dirs-sys v0.5.0
   Compiling embed-resource v3.0.6
   Compiling time v0.3.44
    Checking futures-channel v0.3.31
   Compiling urlpattern v0.3.0
   Compiling quick-xml v0.38.4
   Compiling simd-adler32 v0.3.8
   Compiling heck v0.5.0
   Compiling base64 v0.22.1
    Checking pin-utils v0.1.0
   Compiling tauri-winres v0.3.5
   Compiling plist v1.8.0
   Compiling dirs v6.0.0
   Compiling cargo_toml v0.22.3
   Compiling time-macros v0.2.24
   Compiling futures-macro v0.3.31
    Checking futures-io v0.3.31
   Compiling adler2 v2.0.1
    Checking futures-task v0.3.31
   Compiling miniz_oxide v0.8.9
    Checking futures-util v0.3.31
    Checking dpi v0.1.2
   Compiling cookie v0.18.1
    Checking core-foundation v0.9.4
    Checking raw-window-handle v0.6.2
   Compiling rustix v1.1.2
   Compiling flate2 v1.1.5
   Compiling crypto-common v0.1.7
   Compiling block-buffer v0.10.4
    Checking objc2-core-data v0.3.2
    Checking objc2-quartz-core v0.3.2
    Checking objc2-core-image v0.3.2
    Checking objc2-cloud-kit v0.3.2
   Compiling fdeflate v0.3.7
    Checking http-body v1.0.1
    Checking tracing-core v0.1.36
    Checking objc2-app-kit v0.3.2
    Checking objc2-security v0.3.2
    Checking objc2-javascript-core v0.3.2
   Compiling foreign-types-macros v0.2.3
   Compiling tracing-attributes v0.1.31
    Checking core-foundation v0.10.1
    Checking errno v0.3.14
    Checking foreign-types-shared v0.3.1
   Compiling system-configuration-sys v0.6.0
   Compiling httparse v1.10.1
    Checking foreign-types v0.5.0
    Checking core-graphics-types v0.2.0
    Checking tokio-util v0.7.17
   Compiling png v0.17.16
   Compiling kuchikiki v0.8.8-speedreader
   Compiling digest v0.10.7
    Checking crossbeam-channel v0.5.15
    Checking tracing v0.1.44
   Compiling tauri-utils v2.8.1
    Checking security-framework-sys v2.15.0
   Compiling cpufeatures v0.2.17
   Compiling tauri-runtime v2.9.2
   Compiling native-tls v0.2.14
   Compiling wry v0.53.5
    Checking try-lock v0.2.5
    Checking fastrand v2.3.0
    Checking tower-service v0.3.3
    Checking atomic-waker v1.1.2
    Checking want v0.3.1
    Checking security-framework v2.11.1
    Checking core-graphics v0.24.0
   Compiling sha2 v0.10.9
    Checking tempfile v3.23.0
   Compiling ico v0.4.0
   Compiling parking_lot_core v0.8.6
   Compiling tauri-runtime-wry v2.9.3
    Checking lazy_static v1.5.0
    Checking unicode-segmentation v1.12.0
    Checking dispatch v0.2.0
    Checking system-configuration v0.6.1
    Checking sync_wrapper v1.0.2
   Compiling serialize-to-javascript-impl v0.1.2
    Checking keyboard-types v0.7.0
   Compiling num-traits v0.2.19
    Checking instant v0.1.13
    Checking mime v0.3.17
    Checking tower-layer v0.3.3
    Checking h2 v0.4.12
    Checking ipnet v2.11.0
    Checking serialize-to-javascript v0.1.2
    Checking tower v0.5.2
    Checking http-body-util v0.1.3
    Checking dirs-sys v0.4.1
   Compiling serde_repr v0.1.20
    Checking iri-string v0.7.9
    Checking pathdiff v0.2.3
    Checking embed_plist v1.2.2
    Checking zeroize v1.8.2
    Checking open v5.3.3
    Checking futures-executor v0.3.31
    Checking rustls-pki-types v1.13.2
    Checking crossbeam-epoch v0.9.18
    Checking tokio-native-tls v0.3.1
    Checking serde_urlencoded v0.7.1
    Checking iana-time-zone v0.1.64
    Checking fs2 v0.4.3
    Checking encoding_rs v0.8.35
    Checking unsafe-libyaml v0.2.11
    Checking futures v0.3.31
    Checking dirs v5.0.1
    Checking directories v5.0.1
    Checking tower-http v0.6.8
    Checking serde_yaml v0.9.34+deprecated
    Checking hyper v1.8.1
    Checking hyper-util v0.1.19
    Checking parking_lot v0.11.2
    Checking sled v0.34.7
    Checking hyper-tls v0.6.0
    Checking reqwest v0.12.26
    Checking chrono v0.4.42
   Compiling tauri-build v2.5.3
   Compiling tauri-plugin v2.5.2
   Compiling tauri-codegen v2.5.2
   Compiling tauri v2.9.5
   Compiling tauri-plugin-opener v2.5.2
   Compiling tauri-macros v2.5.2
   Compiling sx9-dev-forge v0.1.0 (/Users/cp5337/Developer/sx9/sx9-dev-forge/src-tauri)
    Checking objc2-web-kit v0.3.2
    Checking tao v0.34.5
    Checking window-vibrancy v0.6.0
    Checking muda v0.17.1
error[E0603]: macro import `__cmd__clipboard_push` is private
   --> src/lib.rs:468:33
    |
468 |             clipboard_commands::clipboard_push,
    |                                 ^^^^^^^^^^^^^^ private macro import
    |
note: the macro import `__cmd__clipboard_push` is defined here...
   --> src/clipboard_commands.rs:9:10
    |
9   | async fn clipboard_push(
    |          ^^^^^^^^^^^^^^
note: ...and refers to the macro `__cmd__clipboard_push` which is defined here
   --> src/clipboard_commands.rs:8:1
    |
8   | #[tauri::command]
    | ^^^^^^^^^^^^^^^^^
    = note: this error originates in the attribute macro `tauri::command` (in Nightly builds, run with -Z macro-backtrace for more info)

error[E0603]: macro import `__cmd__clipboard_list` is private
   --> src/lib.rs:469:33
    |
469 |             clipboard_commands::clipboard_list,
    |                                 ^^^^^^^^^^^^^^ private macro import
    |
note: the macro import `__cmd__clipboard_list` is defined here...
   --> src/clipboard_commands.rs:32:10
    |
32  | async fn clipboard_list(
    |          ^^^^^^^^^^^^^^
note: ...and refers to the macro `__cmd__clipboard_list` which is defined here
   --> src/clipboard_commands.rs:31:1
    |
31  | #[tauri::command]
    | ^^^^^^^^^^^^^^^^^
    = note: this error originates in the attribute macro `tauri::command` (in Nightly builds, run with -Z macro-backtrace for more info)

error[E0603]: macro import `__cmd__clipboard_get` is private
   --> src/lib.rs:470:33
    |
470 |             clipboard_commands::clipboard_get,
    |                                 ^^^^^^^^^^^^^ private macro import
    |
note: the macro import `__cmd__clipboard_get` is defined here...
   --> src/clipboard_commands.rs:42:10
    |
42  | async fn clipboard_get(
    |          ^^^^^^^^^^^^^
note: ...and refers to the macro `__cmd__clipboard_get` which is defined here
   --> src/clipboard_commands.rs:41:1
    |
41  | #[tauri::command]
    | ^^^^^^^^^^^^^^^^^
    = note: this error originates in the attribute macro `tauri::command` (in Nightly builds, run with -Z macro-backtrace for more info)

error[E0603]: macro import `__cmd__clipboard_search_by_tag` is private
   --> src/lib.rs:471:33
    |
471 |             clipboard_commands::clipboard_search_by_tag,
    |                                 ^^^^^^^^^^^^^^^^^^^^^^^ private macro import
    |
note: the macro import `__cmd__clipboard_search_by_tag` is defined here...
   --> src/clipboard_commands.rs:52:10
    |
52  | async fn clipboard_search_by_tag(
    |          ^^^^^^^^^^^^^^^^^^^^^^^
note: ...and refers to the macro `__cmd__clipboard_search_by_tag` which is defined here
   --> src/clipboard_commands.rs:51:1
    |
51  | #[tauri::command]
    | ^^^^^^^^^^^^^^^^^
    = note: this error originates in the attribute macro `tauri::command` (in Nightly builds, run with -Z macro-backtrace for more info)

error[E0603]: macro import `__cmd__clipboard_search_by_source` is private
   --> src/lib.rs:472:33
    |
472 |             clipboard_commands::clipboard_search_by_source,
    |                                 ^^^^^^^^^^^^^^^^^^^^^^^^^^ private macro import
    |
note: the macro import `__cmd__clipboard_search_by_source` is defined here...
   --> src/clipboard_commands.rs:62:10
    |
62  | async fn clipboard_search_by_source(
    |          ^^^^^^^^^^^^^^^^^^^^^^^^^^
note: ...and refers to the macro `__cmd__clipboard_search_by_source` which is defined here
   --> src/clipboard_commands.rs:61:1
    |
61  | #[tauri::command]
    | ^^^^^^^^^^^^^^^^^
    = note: this error originates in the attribute macro `tauri::command` (in Nightly builds, run with -Z macro-backtrace for more info)

error[E0603]: macro import `__cmd__clipboard_stats` is private
   --> src/lib.rs:473:33
    |
473 |             clipboard_commands::clipboard_stats,
    |                                 ^^^^^^^^^^^^^^^ private macro import
    |
note: the macro import `__cmd__clipboard_stats` is defined here...
   --> src/clipboard_commands.rs:72:10
    |
72  | async fn clipboard_stats(
    |          ^^^^^^^^^^^^^^^
note: ...and refers to the macro `__cmd__clipboard_stats` which is defined here
   --> src/clipboard_commands.rs:71:1
    |
71  | #[tauri::command]
    | ^^^^^^^^^^^^^^^^^
    = note: this error originates in the attribute macro `tauri::command` (in Nightly builds, run with -Z macro-backtrace for more info)

error[E0603]: macro import `__cmd__clipboard_clear` is private
   --> src/lib.rs:474:33
    |
474 |             clipboard_commands::clipboard_clear,
    |                                 ^^^^^^^^^^^^^^^ private macro import
    |
note: the macro import `__cmd__clipboard_clear` is defined here...
   --> src/clipboard_commands.rs:80:10
    |
80  | async fn clipboard_clear(
    |          ^^^^^^^^^^^^^^^
note: ...and refers to the macro `__cmd__clipboard_clear` which is defined here
   --> src/clipboard_commands.rs:79:1
    |
79  | #[tauri::command]
    | ^^^^^^^^^^^^^^^^^
    = note: this error originates in the attribute macro `tauri::command` (in Nightly builds, run with -Z macro-backtrace for more info)

error: future cannot be sent between threads safely
   --> src/lib.rs:264:1
    |
264 |   #[tauri::command]
    |   ^^^^^^^^^^^^^^^^^ future returned by `list_linear_teams` is not `Send`
...
435 |           .invoke_handler(tauri::generate_handler![
    |  _________________________-
436 | |             // Vault
437 | |             vault_list_keys,
438 | |             vault_list_entries,
...   |
474 | |             clipboard_commands::clipboard_clear,
475 | |         ])
    | |_________- in this macro invocation
    |
    = help: within `impl futures::Future<Output = Result<Vec<LinearTeam>, std::string::String>>`, the trait `std::marker::Send` is not implemented for `std::sync::MutexGuard<'_, std::option::Option<std::string::String>>`
note: future is not `Send` as this value is used across an await
   --> src/lib.rs:271:25
    |
266 |     let key = state.linear_api_key.lock().map_err(|e| e.to_string())?;
    |         --- has type `std::sync::MutexGuard<'_, std::option::Option<std::string::String>>` which is not `Send`
...
271 |     client.list_teams().await.map_err(|e| e.to_string())
    |                         ^^^^^ await occurs here, with `key` maybe used later
note: required by a bound in `ResultFutureTag::future`
   --> /Users/cp5337/.cargo/registry/src/index.crates.io-1949cf8c6b5b557f/tauri-2.9.5/src/ipc/command.rs:314:42
    |
310 |     pub async fn future<T, E, F>(self, value: F) -> Result<InvokeResponseBody, InvokeError>
    |                  ------ required by a bound in this associated function
...
314 |       F: Future<Output = Result<T, E>> + Send,
    |                                          ^^^^ required by this bound in `ResultFutureTag::future`
    = note: this error originates in the macro `__cmd__list_linear_teams` which comes from the expansion of the macro `tauri::generate_handler` (in Nightly builds, run with -Z macro-backtrace for more info)

error: future cannot be sent between threads safely
   --> src/lib.rs:274:1
    |
274 |   #[tauri::command]
    |   ^^^^^^^^^^^^^^^^^ future returned by `list_linear_projects` is not `Send`
...
435 |           .invoke_handler(tauri::generate_handler![
    |  _________________________-
436 | |             // Vault
437 | |             vault_list_keys,
438 | |             vault_list_entries,
...   |
474 | |             clipboard_commands::clipboard_clear,
475 | |         ])
    | |_________- in this macro invocation
    |
    = help: within `impl futures::Future<Output = Result<Vec<LinearProject>, std::string::String>>`, the trait `std::marker::Send` is not implemented for `std::sync::MutexGuard<'_, std::option::Option<std::string::String>>`
note: future is not `Send` as this value is used across an await
   --> src/lib.rs:284:36
    |
279 |     let key = state.linear_api_key.lock().map_err(|e| e.to_string())?;
    |         --- has type `std::sync::MutexGuard<'_, std::option::Option<std::string::String>>` which is not `Send`
...
284 |     client.list_projects(&team_id).await.map_err(|e| e.to_string())
    |                                    ^^^^^ await occurs here, with `key` maybe used later
note: required by a bound in `ResultFutureTag::future`
   --> /Users/cp5337/.cargo/registry/src/index.crates.io-1949cf8c6b5b557f/tauri-2.9.5/src/ipc/command.rs:314:42
    |
310 |     pub async fn future<T, E, F>(self, value: F) -> Result<InvokeResponseBody, InvokeError>
    |                  ------ required by a bound in this associated function
...
314 |       F: Future<Output = Result<T, E>> + Send,
    |                                          ^^^^ required by this bound in `ResultFutureTag::future`
    = note: this error originates in the macro `__cmd__list_linear_projects` which comes from the expansion of the macro `tauri::generate_handler` (in Nightly builds, run with -Z macro-backtrace for more info)

error: future cannot be sent between threads safely
   --> src/lib.rs:287:1
    |
287 |   #[tauri::command]
    |   ^^^^^^^^^^^^^^^^^ future returned by `create_linear_issue` is not `Send`
...
435 |           .invoke_handler(tauri::generate_handler![
    |  _________________________-
436 | |             // Vault
437 | |             vault_list_keys,
438 | |             vault_list_entries,
...   |
474 | |             clipboard_commands::clipboard_clear,
475 | |         ])
    | |_________- in this macro invocation
    |
    = help: within `impl futures::Future<Output = Result<LinearIssue, std::string::String>>`, the trait `std::marker::Send` is not implemented for `std::sync::MutexGuard<'_, std::option::Option<std::string::String>>`
note: future is not `Send` as this value is used across an await
   --> src/lib.rs:309:32
    |
296 |     let key = state.linear_api_key.lock().map_err(|e| e.to_string())?;
    |         --- has type `std::sync::MutexGuard<'_, std::option::Option<std::string::String>>` which is not `Send`
...
309 |     client.create_issue(input).await.map_err(|e| e.to_string())
    |                                ^^^^^ await occurs here, with `key` maybe used later
note: required by a bound in `ResultFutureTag::future`
   --> /Users/cp5337/.cargo/registry/src/index.crates.io-1949cf8c6b5b557f/tauri-2.9.5/src/ipc/command.rs:314:42
    |
310 |     pub async fn future<T, E, F>(self, value: F) -> Result<InvokeResponseBody, InvokeError>
    |                  ------ required by a bound in this associated function
...
314 |       F: Future<Output = Result<T, E>> + Send,
    |                                          ^^^^ required by this bound in `ResultFutureTag::future`
    = note: this error originates in the macro `__cmd__create_linear_issue` which comes from the expansion of the macro `tauri::generate_handler` (in Nightly builds, run with -Z macro-backtrace for more info)

For more information about this error, try `rustc --explain E0603`.
error: could not compile `sx9-dev-forge` (lib) due to 13 previous errors
